*** Starting uWSGI 2.0.20 (64bit) on [Tue Oct 19 00:29:38 2021] ***
compiled with version: 9.3.0 on 19 October 2021 02:37:15
os: Linux-5.11.0-37-generic #41~20.04.2-Ubuntu SMP Fri Sep 24 09:06:38 UTC 2021
nodename: it490-VirtualBox
machine: x86_64
clock source: unix
detected number of CPU cores: 1
current working directory: /home/it490/Desktop/project/django/spotify
detected binary path: /home/it490/.local/bin/uwsgi
!!! no internal routing support, rebuild with pcre support !!!
chdir() to /home/it490/Desktop/project/django/spotify
your processes number limit is 15312
your memory page size is 4096 bytes
detected max file descriptor number: 1024
lock engine: pthread robust mutexes
thunder lock: disabled (you can enable it with --thunder-lock)
uwsgi socket 0 bound to UNIX address /home/it490/Desktop/project/django/spotify/project.sock fd 3
Python version: 3.8.10 (default, Sep 28 2021, 16:10:42)  [GCC 9.3.0]
*** Python threads support is disabled. You can enable it with --enable-threads ***
Python main interpreter initialized at 0x5611283df930
your server socket listen backlog is limited to 100 connections
your mercy for graceful operations on workers is 60 seconds
mapped 801944 bytes (783 KB) for 10 cores
*** Operational MODE: preforking ***
WSGI app 0 (mountpoint='') ready in 0 seconds on interpreter 0x5611283df930 pid: 80175 (default app)
*** uWSGI is running in multiple interpreter mode ***
spawned uWSGI master process (pid: 80175)
spawned uWSGI worker 1 (pid: 80180, cores: 1)
spawned uWSGI worker 2 (pid: 80181, cores: 1)
spawned uWSGI worker 3 (pid: 80182, cores: 1)
spawned uWSGI worker 4 (pid: 80183, cores: 1)
spawned uWSGI worker 5 (pid: 80184, cores: 1)
spawned uWSGI worker 6 (pid: 80185, cores: 1)
spawned uWSGI worker 7 (pid: 80186, cores: 1)
spawned uWSGI worker 8 (pid: 80187, cores: 1)
spawned uWSGI worker 9 (pid: 80188, cores: 1)
spawned uWSGI worker 10 (pid: 80189, cores: 1)
[pid: 80182|app: 0|req: 1/1] 127.0.0.1 () {50 vars in 936 bytes} [Tue Oct 19 04:30:13 2021] GET /site_spotify/ => generated 3053 bytes in 307 msecs (HTTP/1.1 200) 7 headers in 349 bytes (1 switches on core 0)
Sent SELECT account_name, pw FROM site_login WHERE account_name = 'kingelmer';!
 kingelmer 234
[pid: 80189|app: 0|req: 1/2] 127.0.0.1 () {58 vars in 1137 bytes} [Tue Oct 19 04:30:23 2021] POST /site_spotify/ => generated 0 bytes in 410 msecs (HTTP/1.1 302) 6 headers in 202 bytes (1 switches on core 0)
<class 'dict'>
[pid: 80188|app: 0|req: 1/3] 127.0.0.1 () {52 vars in 1007 bytes} [Tue Oct 19 04:30:23 2021] GET /site_spotify/dashboard => generated 1298 bytes in 1802 msecs (HTTP/1.1 200) 5 headers in 167 bytes (1 switches on core 0)
*** Starting uWSGI 2.0.20 (64bit) on [Tue Oct 19 00:58:56 2021] ***
compiled with version: 9.3.0 on 19 October 2021 02:37:15
os: Linux-5.11.0-38-generic #42~20.04.1-Ubuntu SMP Tue Sep 28 20:41:07 UTC 2021
nodename: it490-VirtualBox
machine: x86_64
clock source: unix
detected number of CPU cores: 1
current working directory: /etc/uwsgi/vassals
detected binary path: /home/it490/.local/bin/uwsgi
!!! no internal routing support, rebuild with pcre support !!!
chdir() to /home/it490/Desktop/project/django/spotify
your processes number limit is 15312
your memory page size is 4096 bytes
detected max file descriptor number: 1024
lock engine: pthread robust mutexes
thunder lock: disabled (you can enable it with --thunder-lock)
uwsgi socket 0 bound to UNIX address /home/it490/Desktop/project/django/spotify/project.sock fd 3
Python version: 3.8.10 (default, Sep 28 2021, 16:10:42)  [GCC 9.3.0]
*** Python threads support is disabled. You can enable it with --enable-threads ***
Python main interpreter initialized at 0x5631612fe750
your server socket listen backlog is limited to 100 connections
your mercy for graceful operations on workers is 60 seconds
mapped 801944 bytes (783 KB) for 10 cores
*** Operational MODE: preforking ***
WSGI app 0 (mountpoint='') ready in 1 seconds on interpreter 0x5631612fe750 pid: 3665 (default app)
*** uWSGI is running in multiple interpreter mode ***
spawned uWSGI master process (pid: 3665)
spawned uWSGI worker 1 (pid: 3667, cores: 1)
spawned uWSGI worker 2 (pid: 3668, cores: 1)
spawned uWSGI worker 3 (pid: 3669, cores: 1)
spawned uWSGI worker 4 (pid: 3670, cores: 1)
spawned uWSGI worker 5 (pid: 3671, cores: 1)
spawned uWSGI worker 6 (pid: 3672, cores: 1)
spawned uWSGI worker 7 (pid: 3673, cores: 1)
spawned uWSGI worker 8 (pid: 3674, cores: 1)

--- logs deleted for space. ---
*** Starting uWSGI 2.0.20 (64bit) on [Mon Nov 15 02:59:00 2021] ***
compiled with version: 9.3.0 on 19 October 2021 02:37:15
os: Linux-5.11.0-40-generic #44~20.04.2-Ubuntu SMP Tue Oct 26 18:07:44 UTC 2021
nodename: it490-VirtualBox
machine: x86_64
clock source: unix
detected number of CPU cores: 1
current working directory: /etc/uwsgi/vassals
detected binary path: /home/it490/.local/bin/uwsgi
!!! no internal routing support, rebuild with pcre support !!!
chdir() to /home/it490/Desktop/project/django_box/spotify
your processes number limit is 15268
your memory page size is 4096 bytes
detected max file descriptor number: 1024
lock engine: pthread robust mutexes
thunder lock: disabled (you can enable it with --thunder-lock)
uwsgi socket 0 inherited UNIX address /home/it490/Desktop/project/django_box/spotify/project.sock fd 3
Python version: 3.8.10 (default, Sep 28 2021, 16:10:42)  [GCC 9.3.0]
*** Python threads support is disabled. You can enable it with --enable-threads ***
Python main interpreter initialized at 0x55e211cead70
your server socket listen backlog is limited to 100 connections
your mercy for graceful operations on workers is 60 seconds
mapped 801944 bytes (783 KB) for 10 cores
*** Operational MODE: preforking ***
WSGI app 0 (mountpoint='') ready in 0 seconds on interpreter 0x55e211cead70 pid: 11058 (default app)
*** uWSGI is running in multiple interpreter mode ***
gracefully (RE)spawned uWSGI master process (pid: 11058)
spawned uWSGI worker 1 (pid: 13256, cores: 1)
spawned uWSGI worker 2 (pid: 13257, cores: 1)
spawned uWSGI worker 3 (pid: 13258, cores: 1)
spawned uWSGI worker 4 (pid: 13259, cores: 1)
spawned uWSGI worker 5 (pid: 13260, cores: 1)
spawned uWSGI worker 6 (pid: 13261, cores: 1)
spawned uWSGI worker 7 (pid: 13262, cores: 1)
spawned uWSGI worker 8 (pid: 13263, cores: 1)
spawned uWSGI worker 9 (pid: 13264, cores: 1)
spawned uWSGI worker 10 (pid: 13265, cores: 1)
emperor-i-am-ready-to-accept/write(): Bad file descriptor [core/uwsgi.c line 3578]
Mon Nov 15 02:59:00 2021 - lost communication with the Emperor, goodbye...
Mon Nov 15 02:59:00 2021 - graceful shutdown triggered...
Gracefully killing worker 1 (pid: 13256)...
worker 1 killed successfully (pid: 13256)
Respawned uWSGI worker 1 (new pid: 13266)
emperor-i-am-ready-to-accept/write(): Bad file descriptor [core/uwsgi.c line 3578]
Mon Nov 15 02:59:01 2021 - lost communication with the Emperor, goodbye...
Mon Nov 15 02:59:01 2021 - graceful shutdown triggered...
Gracefully killing worker 1 (pid: 13266)...
worker 1 killed successfully (pid: 13266)
Respawned uWSGI worker 1 (new pid: 13269)
emperor-i-am-ready-to-accept/write(): Bad file descriptor [core/uwsgi.c line 3578]
Mon Nov 15 02:59:02 2021 - lost communication with the Emperor, goodbye...
Mon Nov 15 02:59:02 2021 - graceful shutdown triggered...
Gracefully killing worker 1 (pid: 13269)...
worker 1 killed successfully (pid: 13269)
Respawned uWSGI worker 1 (new pid: 13273)
emperor-i-am-ready-to-accept/write(): Bad file descriptor [core/uwsgi.c line 3578]
Mon Nov 15 02:59:03 2021 - lost communication with the Emperor, goodbye...
Mon Nov 15 02:59:03 2021 - graceful shutdown triggered...
Gracefully killing worker 1 (pid: 13273)...
worker 1 killed successfully (pid: 13273)
Respawned uWSGI worker 1 (new pid: 13274)
emperor-i-am-ready-to-accept/write(): Bad file descriptor [core/uwsgi.c line 3578]
Mon Nov 15 02:59:04 2021 - lost communication with the Emperor, goodbye...
Mon Nov 15 02:59:04 2021 - graceful shutdown triggered...
Gracefully killing worker 1 (pid: 13274)...
worker 1 killed successfully (pid: 13274)
Respawned uWSGI worker 1 (new pid: 13275)
emperor-i-am-ready-to-accept/write(): Bad file descriptor [core/uwsgi.c line 3578]
Mon Nov 15 02:59:05 2021 - lost communication with the Emperor, goodbye...
Mon Nov 15 02:59:05 2021 - graceful shutdown triggered...
Gracefully killing worker 1 (pid: 13275)...
worker 1 killed successfully (pid: 13275)
Respawned uWSGI worker 1 (new pid: 13276)
emperor-i-am-ready-to-accept/write(): Bad file descriptor [core/uwsgi.c line 3578]
Mon Nov 15 02:59:06 2021 - lost communication with the Emperor, goodbye...
Mon Nov 15 02:59:06 2021 - graceful shutdown triggered...
Gracefully killing worker 1 (pid: 13276)...
worker 1 killed successfully (pid: 13276)
Respawned uWSGI worker 1 (new pid: 13277)
emperor-i-am-ready-to-accept/write(): Bad file descriptor [core/uwsgi.c line 3578]
Mon Nov 15 02:59:07 2021 - lost communication with the Emperor, goodbye...
Mon Nov 15 02:59:07 2021 - graceful shutdown triggered...
Gracefully killing worker 1 (pid: 13277)...
worker 1 killed successfully (pid: 13277)
Respawned uWSGI worker 1 (new pid: 13278)
emperor-i-am-ready-to-accept/write(): Bad file descriptor [core/uwsgi.c line 3578]
Mon Nov 15 02:59:08 2021 - lost communication with the Emperor, goodbye...
Mon Nov 15 02:59:08 2021 - graceful shutdown triggered...
Gracefully killing worker 1 (pid: 13278)...
worker 1 killed successfully (pid: 13278)
Respawned uWSGI worker 1 (new pid: 13279)
emperor-i-am-ready-to-accept/write(): Bad file descriptor [core/uwsgi.c line 3578]
Mon Nov 15 02:59:09 2021 - lost communication with the Emperor, goodbye...
Mon Nov 15 02:59:09 2021 - graceful shutdown triggered...
Gracefully killing worker 1 (pid: 13279)...
worker 1 killed successfully (pid: 13279)
Respawned uWSGI worker 1 (new pid: 13280)
emperor-i-am-ready-to-accept/write(): Bad file descriptor [core/uwsgi.c line 3578]
Mon Nov 15 02:59:10 2021 - lost communication with the Emperor, goodbye...
Mon Nov 15 02:59:10 2021 - graceful shutdown triggered...
Gracefully killing worker 1 (pid: 13280)...
worker 1 killed successfully (pid: 13280)
worker respawning too fast !!! i have to sleep a bit (2 seconds)...
Respawned uWSGI worker 1 (new pid: 13283)
emperor-i-am-ready-to-accept/write(): Bad file descriptor [core/uwsgi.c line 3578]
Mon Nov 15 02:59:13 2021 - lost communication with the Emperor, goodbye...
Mon Nov 15 02:59:13 2021 - graceful shutdown triggered...
Gracefully killing worker 1 (pid: 13283)...
worker 1 killed successfully (pid: 13283)
Respawned uWSGI worker 1 (new pid: 13284)
emperor-i-am-ready-to-accept/write(): Bad file descriptor [core/uwsgi.c line 3578]
Mon Nov 15 02:59:14 2021 - lost communication with the Emperor, goodbye...
Mon Nov 15 02:59:14 2021 - graceful shutdown triggered...
Gracefully killing worker 1 (pid: 13284)...
worker 1 killed successfully (pid: 13284)
Respawned uWSGI worker 1 (new pid: 13285)
emperor-i-am-ready-to-accept/write(): Bad file descriptor [core/uwsgi.c line 3578]
Mon Nov 15 02:59:15 2021 - lost communication with the Emperor, goodbye...
Mon Nov 15 02:59:15 2021 - graceful shutdown triggered...
Gracefully killing worker 1 (pid: 13285)...
worker 1 killed successfully (pid: 13285)
Respawned uWSGI worker 1 (new pid: 13286)
emperor-i-am-ready-to-accept/write(): Bad file descriptor [core/uwsgi.c line 3578]
Mon Nov 15 02:59:16 2021 - lost communication with the Emperor, goodbye...
Mon Nov 15 02:59:16 2021 - graceful shutdown triggered...
Gracefully killing worker 1 (pid: 13286)...
worker 1 killed successfully (pid: 13286)
Respawned uWSGI worker 1 (new pid: 13287)
emperor-i-am-ready-to-accept/write(): Bad file descriptor [core/uwsgi.c line 3578]
Mon Nov 15 02:59:17 2021 - lost communication with the Emperor, goodbye...
Mon Nov 15 02:59:17 2021 - graceful shutdown triggered...
Gracefully killing worker 1 (pid: 13287)...
worker 1 killed successfully (pid: 13287)
Respawned uWSGI worker 1 (new pid: 13288)
emperor-i-am-ready-to-accept/write(): Bad file descriptor [core/uwsgi.c line 3578]
Mon Nov 15 02:59:18 2021 - lost communication with the Emperor, goodbye...
Mon Nov 15 02:59:18 2021 - graceful shutdown triggered...
Gracefully killing worker 1 (pid: 13288)...
worker 1 killed successfully (pid: 13288)
Respawned uWSGI worker 1 (new pid: 13289)
emperor-i-am-ready-to-accept/write(): Bad file descriptor [core/uwsgi.c line 3578]
Mon Nov 15 02:59:19 2021 - lost communication with the Emperor, goodbye...
Mon Nov 15 02:59:19 2021 - graceful shutdown triggered...
Gracefully killing worker 1 (pid: 13289)...
worker 1 killed successfully (pid: 13289)
Respawned uWSGI worker 1 (new pid: 13290)
emperor-i-am-ready-to-accept/write(): Bad file descriptor [core/uwsgi.c line 3578]
Mon Nov 15 02:59:20 2021 - lost communication with the Emperor, goodbye...
Mon Nov 15 02:59:20 2021 - graceful shutdown triggered...
Gracefully killing worker 1 (pid: 13290)...
worker 1 killed successfully (pid: 13290)
Respawned uWSGI worker 1 (new pid: 13291)
emperor-i-am-ready-to-accept/write(): Bad file descriptor [core/uwsgi.c line 3578]
Mon Nov 15 02:59:21 2021 - lost communication with the Emperor, goodbye...
Mon Nov 15 02:59:21 2021 - graceful shutdown triggered...
Gracefully killing worker 1 (pid: 13291)...
worker 1 killed successfully (pid: 13291)
Respawned uWSGI worker 1 (new pid: 13294)
emperor-i-am-ready-to-accept/write(): Bad file descriptor [core/uwsgi.c line 3578]
Mon Nov 15 02:59:22 2021 - lost communication with the Emperor, goodbye...
Mon Nov 15 02:59:22 2021 - graceful shutdown triggered...
Gracefully killing worker 1 (pid: 13294)...
worker 1 killed successfully (pid: 13294)
Respawned uWSGI worker 1 (new pid: 13295)
emperor-i-am-ready-to-accept/write(): Bad file descriptor [core/uwsgi.c line 3578]
Mon Nov 15 02:59:23 2021 - lost communication with the Emperor, goodbye...
Mon Nov 15 02:59:23 2021 - graceful shutdown triggered...
Gracefully killing worker 1 (pid: 13295)...
worker 1 killed successfully (pid: 13295)
worker respawning too fast !!! i have to sleep a bit (2 seconds)...
Respawned uWSGI worker 1 (new pid: 13305)
emperor-i-am-ready-to-accept/write(): Bad file descriptor [core/uwsgi.c line 3578]
Mon Nov 15 02:59:26 2021 - lost communication with the Emperor, goodbye...
Mon Nov 15 02:59:26 2021 - graceful shutdown triggered...
Gracefully killing worker 1 (pid: 13305)...
worker 1 killed successfully (pid: 13305)
Respawned uWSGI worker 1 (new pid: 13332)
emperor-i-am-ready-to-accept/write(): Bad file descriptor [core/uwsgi.c line 3578]
Mon Nov 15 02:59:27 2021 - lost communication with the Emperor, goodbye...
Mon Nov 15 02:59:27 2021 - graceful shutdown triggered...
Gracefully killing worker 1 (pid: 13332)...
worker 1 killed successfully (pid: 13332)
Respawned uWSGI worker 1 (new pid: 13335)
emperor-i-am-ready-to-accept/write(): Bad file descriptor [core/uwsgi.c line 3578]
Mon Nov 15 02:59:28 2021 - lost communication with the Emperor, goodbye...
Mon Nov 15 02:59:28 2021 - graceful shutdown triggered...
Gracefully killing worker 1 (pid: 13335)...
*** Starting uWSGI 2.0.20 (64bit) on [Sun Nov 14 21:59:30 2021] ***
compiled with version: 9.3.0 on 19 October 2021 02:37:15
os: Linux-5.11.0-40-generic #44~20.04.2-Ubuntu SMP Tue Oct 26 18:07:44 UTC 2021
nodename: it490-VirtualBox
machine: x86_64
clock source: unix
detected number of CPU cores: 1
current working directory: /etc/uwsgi/vassals
detected binary path: /home/it490/.local/bin/uwsgi
!!! no internal routing support, rebuild with pcre support !!!
chdir() to /home/it490/Desktop/project/django_box/spotify
your processes number limit is 15268
your memory page size is 4096 bytes
detected max file descriptor number: 1024
lock engine: pthread robust mutexes
thunder lock: disabled (you can enable it with --thunder-lock)
uwsgi socket 0 bound to UNIX address /home/it490/Desktop/project/django_box/spotify/project.sock fd 3
Python version: 3.8.10 (default, Sep 28 2021, 16:10:42)  [GCC 9.3.0]
*** Python threads support is disabled. You can enable it with --enable-threads ***
Python main interpreter initialized at 0x56229d85c690
your server socket listen backlog is limited to 100 connections
your mercy for graceful operations on workers is 60 seconds
mapped 801944 bytes (783 KB) for 10 cores
*** Operational MODE: preforking ***
WSGI app 0 (mountpoint='') ready in 0 seconds on interpreter 0x56229d85c690 pid: 13337 (default app)
*** uWSGI is running in multiple interpreter mode ***
spawned uWSGI master process (pid: 13337)
spawned uWSGI worker 1 (pid: 13339, cores: 1)
spawned uWSGI worker 2 (pid: 13340, cores: 1)
spawned uWSGI worker 3 (pid: 13341, cores: 1)
spawned uWSGI worker 4 (pid: 13342, cores: 1)
spawned uWSGI worker 5 (pid: 13343, cores: 1)
spawned uWSGI worker 6 (pid: 13344, cores: 1)
spawned uWSGI worker 7 (pid: 13345, cores: 1)
spawned uWSGI worker 8 (pid: 13346, cores: 1)
spawned uWSGI worker 9 (pid: 13347, cores: 1)
spawned uWSGI worker 10 (pid: 13348, cores: 1)
